<?xml version="1.0" encoding="UTF-8" ?>
<testsuite tests="192" failures="0" name="com.roslin.mwicks.spring.variation.service.snpchromosome.RepositorySNPChromosomeServiceTest" time="0.372" errors="0" skipped="0">
  <properties>
    <property name="java.runtime.name" value="Java(TM) SE Runtime Environment"/>
    <property name="sun.boot.library.path" value="/Library/Java/JavaVirtualMachines/jdk1.8.0_66.jdk/Contents/Home/jre/lib"/>
    <property name="java.vm.version" value="25.66-b17"/>
    <property name="user.country.format" value="GB"/>
    <property name="gopherProxySet" value="false"/>
    <property name="java.vm.vendor" value="Oracle Corporation"/>
    <property name="maven.multiModuleProjectDirectory" value="/Users/mwicks23/workspace/VariationDatabase"/>
    <property name="java.vendor.url" value="http://java.oracle.com/"/>
    <property name="path.separator" value=":"/>
    <property name="guice.disable.misplaced.annotation.check" value="true"/>
    <property name="java.vm.name" value="Java HotSpot(TM) 64-Bit Server VM"/>
    <property name="file.encoding.pkg" value="sun.io"/>
    <property name="user.country" value="US"/>
    <property name="sun.java.launcher" value="SUN_STANDARD"/>
    <property name="sun.os.patch.level" value="unknown"/>
    <property name="java.vm.specification.name" value="Java Virtual Machine Specification"/>
    <property name="user.dir" value="/Users/mwicks23/workspace/VariationDatabase"/>
    <property name="java.runtime.version" value="1.8.0_66-b17"/>
    <property name="java.awt.graphicsenv" value="sun.awt.CGraphicsEnvironment"/>
    <property name="java.endorsed.dirs" value="/Library/Java/JavaVirtualMachines/jdk1.8.0_66.jdk/Contents/Home/jre/lib/endorsed"/>
    <property name="os.arch" value="x86_64"/>
    <property name="java.io.tmpdir" value="/var/folders/ll/12gv6jhx2yj102ms0tfy88d0fc49zc/T/"/>
    <property name="line.separator" value="
"/>
    <property name="java.vm.specification.vendor" value="Oracle Corporation"/>
    <property name="os.name" value="Mac OS X"/>
    <property name="classworlds.conf" value="/Users/mwicks23/Documents/workspace/.metadata/.plugins/org.eclipse.m2e.launching/launches/m2conf4304962133353086956.tmp"/>
    <property name="sun.jnu.encoding" value="UTF-8"/>
    <property name="java.library.path" value="/Users/mwicks23/Library/Java/Extensions:/Library/Java/Extensions:/Network/Library/Java/Extensions:/System/Library/Java/Extensions:/usr/lib/java:."/>
    <property name="java.specification.name" value="Java Platform API Specification"/>
    <property name="java.class.version" value="52.0"/>
    <property name="sun.management.compiler" value="HotSpot 64-Bit Tiered Compilers"/>
    <property name="os.version" value="10.11.2"/>
    <property name="http.nonProxyHosts" value="local|*.local|169.254/16|*.169.254/16"/>
    <property name="user.home" value="/Users/mwicks23"/>
    <property name="user.timezone" value="Europe/London"/>
    <property name="java.awt.printerjob" value="sun.lwawt.macosx.CPrinterJob"/>
    <property name="java.specification.version" value="1.8"/>
    <property name="file.encoding" value="UTF-8"/>
    <property name="user.name" value="mwicks23"/>
    <property name="java.class.path" value="/Applications/Mike&apos;s Stuff/Eclipse.app/Contents/Eclipse/plugins/org.eclipse.m2e.maven.runtime_1.7.0.20151101-1651/jars/plexus-classworlds-2.5.2.jar"/>
    <property name="java.vm.specification.version" value="1.8"/>
    <property name="sun.arch.data.model" value="64"/>
    <property name="java.home" value="/Library/Java/JavaVirtualMachines/jdk1.8.0_66.jdk/Contents/Home/jre"/>
    <property name="sun.java.command" value="org.codehaus.plexus.classworlds.launcher.Launcher -B install"/>
    <property name="java.specification.vendor" value="Oracle Corporation"/>
    <property name="user.language" value="en"/>
    <property name="awt.toolkit" value="sun.lwawt.macosx.LWCToolkit"/>
    <property name="java.vm.info" value="mixed mode"/>
    <property name="java.version" value="1.8.0_66"/>
    <property name="java.ext.dirs" value="/Users/mwicks23/Library/Java/Extensions:/Library/Java/JavaVirtualMachines/jdk1.8.0_66.jdk/Contents/Home/jre/lib/ext:/Library/Java/Extensions:/Network/Library/Java/Extensions:/System/Library/Java/Extensions:/usr/lib/java"/>
    <property name="sun.boot.class.path" value="/Library/Java/JavaVirtualMachines/jdk1.8.0_66.jdk/Contents/Home/jre/lib/resources.jar:/Library/Java/JavaVirtualMachines/jdk1.8.0_66.jdk/Contents/Home/jre/lib/rt.jar:/Library/Java/JavaVirtualMachines/jdk1.8.0_66.jdk/Contents/Home/jre/lib/sunrsasign.jar:/Library/Java/JavaVirtualMachines/jdk1.8.0_66.jdk/Contents/Home/jre/lib/jsse.jar:/Library/Java/JavaVirtualMachines/jdk1.8.0_66.jdk/Contents/Home/jre/lib/jce.jar:/Library/Java/JavaVirtualMachines/jdk1.8.0_66.jdk/Contents/Home/jre/lib/charsets.jar:/Library/Java/JavaVirtualMachines/jdk1.8.0_66.jdk/Contents/Home/jre/lib/jfr.jar:/Library/Java/JavaVirtualMachines/jdk1.8.0_66.jdk/Contents/Home/jre/classes"/>
    <property name="java.vendor" value="Oracle Corporation"/>
    <property name="maven.home" value="/Users/mwicks23/workspace/VariationDatabase/EMBEDDED"/>
    <property name="file.separator" value="/"/>
    <property name="java.vendor.url.bug" value="http://bugreport.sun.com/bugreport/"/>
    <property name="sun.cpu.endian" value="little"/>
    <property name="sun.io.unicode.encoding" value="UnicodeBig"/>
    <property name="socksNonProxyHosts" value="local|*.local|169.254/16|*.169.254/16"/>
    <property name="ftp.nonProxyHosts" value="local|*.local|169.254/16|*.169.254/16"/>
    <property name="sun.cpu.isalist" value=""/>
  </properties>
  <testcase classname="com.roslin.mwicks.spring.variation.service.snpchromosome.RepositorySNPChromosomeServiceTest" name="find24ByOid" time="0.272"/>
  <testcase classname="com.roslin.mwicks.spring.variation.service.snpchromosome.RepositorySNPChromosomeServiceTest" name="delete6WhenSNPChromosomeIsNotFound" time="0.001"/>
  <testcase classname="com.roslin.mwicks.spring.variation.service.snpchromosome.RepositorySNPChromosomeServiceTest" name="find25ByOid" time="0"/>
  <testcase classname="com.roslin.mwicks.spring.variation.service.snpchromosome.RepositorySNPChromosomeServiceTest" name="find26ByOid" time="0.001"/>
  <testcase classname="com.roslin.mwicks.spring.variation.service.snpchromosome.RepositorySNPChromosomeServiceTest" name="find27ByOid" time="0.001"/>
  <testcase classname="com.roslin.mwicks.spring.variation.service.snpchromosome.RepositorySNPChromosomeServiceTest" name="update5WhenSNPChromosome5IsNotFound" time="0.001"/>
  <testcase classname="com.roslin.mwicks.spring.variation.service.snpchromosome.RepositorySNPChromosomeServiceTest" name="update24WhenSNPChromosome24IsNotFound" time="0"/>
  <testcase classname="com.roslin.mwicks.spring.variation.service.snpchromosome.RepositorySNPChromosomeServiceTest" name="find28ByOid" time="0.001"/>
  <testcase classname="com.roslin.mwicks.spring.variation.service.snpchromosome.RepositorySNPChromosomeServiceTest" name="delete27WhenSNPChromosomeIsNotFound" time="0"/>
  <testcase classname="com.roslin.mwicks.spring.variation.service.snpchromosome.RepositorySNPChromosomeServiceTest" name="deleteWWhenSNPChromosomeIsNotFound" time="0.001"/>
  <testcase classname="com.roslin.mwicks.spring.variation.service.snpchromosome.RepositorySNPChromosomeServiceTest" name="delete14WhenSNPChromosomeIsNotFound" time="0.001"/>
  <testcase classname="com.roslin.mwicks.spring.variation.service.snpchromosome.RepositorySNPChromosomeServiceTest" name="update1WhenSNPChromosome1IsNotFound" time="0"/>
  <testcase classname="com.roslin.mwicks.spring.variation.service.snpchromosome.RepositorySNPChromosomeServiceTest" name="delete5WhenSNPChromosomeIsNotFound" time="0.001"/>
  <testcase classname="com.roslin.mwicks.spring.variation.service.snpchromosome.RepositorySNPChromosomeServiceTest" name="deleteLGE22C19W28_E50C23" time="0"/>
  <testcase classname="com.roslin.mwicks.spring.variation.service.snpchromosome.RepositorySNPChromosomeServiceTest" name="update16WhenSNPChromosome16IsNotFound" time="0"/>
  <testcase classname="com.roslin.mwicks.spring.variation.service.snpchromosome.RepositorySNPChromosomeServiceTest" name="delete26WhenSNPChromosomeIsNotFound" time="0.001"/>
  <testcase classname="com.roslin.mwicks.spring.variation.service.snpchromosome.RepositorySNPChromosomeServiceTest" name="delete13WhenSNPChromosomeIsNotFound" time="0.001"/>
  <testcase classname="com.roslin.mwicks.spring.variation.service.snpchromosome.RepositorySNPChromosomeServiceTest" name="delete4WhenSNPChromosomeIsNotFound" time="0"/>
  <testcase classname="com.roslin.mwicks.spring.variation.service.snpchromosome.RepositorySNPChromosomeServiceTest" name="delete25WhenSNPChromosomeIsNotFound" time="0.001"/>
  <testcase classname="com.roslin.mwicks.spring.variation.service.snpchromosome.RepositorySNPChromosomeServiceTest" name="update11WhenSNPChromosome11IsNotFound" time="0.001"/>
  <testcase classname="com.roslin.mwicks.spring.variation.service.snpchromosome.RepositorySNPChromosomeServiceTest" name="delete12WhenSNPChromosomeIsNotFound" time="0"/>
  <testcase classname="com.roslin.mwicks.spring.variation.service.snpchromosome.RepositorySNPChromosomeServiceTest" name="delete3WhenSNPChromosomeIsNotFound" time="0.001"/>
  <testcase classname="com.roslin.mwicks.spring.variation.service.snpchromosome.RepositorySNPChromosomeServiceTest" name="update26WhenSNPChromosome26IsNotFound" time="0"/>
  <testcase classname="com.roslin.mwicks.spring.variation.service.snpchromosome.RepositorySNPChromosomeServiceTest" name="find32ByOid" time="0.001"/>
  <testcase classname="com.roslin.mwicks.spring.variation.service.snpchromosome.RepositorySNPChromosomeServiceTest" name="delete24WhenSNPChromosomeIsNotFound" time="0"/>
  <testcase classname="com.roslin.mwicks.spring.variation.service.snpchromosome.RepositorySNPChromosomeServiceTest" name="delete11WhenSNPChromosomeIsNotFound" time="0.001"/>
  <testcase classname="com.roslin.mwicks.spring.variation.service.snpchromosome.RepositorySNPChromosomeServiceTest" name="deleteLGE64" time="0.001"/>
  <testcase classname="com.roslin.mwicks.spring.variation.service.snpchromosome.RepositorySNPChromosomeServiceTest" name="update18WhenSNPChromosome18IsNotFound" time="0"/>
  <testcase classname="com.roslin.mwicks.spring.variation.service.snpchromosome.RepositorySNPChromosomeServiceTest" name="update8WhenSNPChromosome8IsNotFound" time="0.001"/>
  <testcase classname="com.roslin.mwicks.spring.variation.service.snpchromosome.RepositorySNPChromosomeServiceTest" name="delete23WhenSNPChromosomeIsNotFound" time="0"/>
  <testcase classname="com.roslin.mwicks.spring.variation.service.snpchromosome.RepositorySNPChromosomeServiceTest" name="update21WhenSNPChromosome21IsNotFound" time="0.001"/>
  <testcase classname="com.roslin.mwicks.spring.variation.service.snpchromosome.RepositorySNPChromosomeServiceTest" name="update4WhenSNPChromosome4IsNotFound" time="0"/>
  <testcase classname="com.roslin.mwicks.spring.variation.service.snpchromosome.RepositorySNPChromosomeServiceTest" name="updateWWhenSNPChromosomeWIsNotFound" time="0.001"/>
  <testcase classname="com.roslin.mwicks.spring.variation.service.snpchromosome.RepositorySNPChromosomeServiceTest" name="delete10WhenSNPChromosomeIsNotFound" time="0"/>
  <testcase classname="com.roslin.mwicks.spring.variation.service.snpchromosome.RepositorySNPChromosomeServiceTest" name="find1ByOid" time="0.001"/>
  <testcase classname="com.roslin.mwicks.spring.variation.service.snpchromosome.RepositorySNPChromosomeServiceTest" name="find3ByOid" time="0"/>
  <testcase classname="com.roslin.mwicks.spring.variation.service.snpchromosome.RepositorySNPChromosomeServiceTest" name="delete1WhenSNPChromosomeIsNotFound" time="0.001"/>
  <testcase classname="com.roslin.mwicks.spring.variation.service.snpchromosome.RepositorySNPChromosomeServiceTest" name="find4ByOid" time="0"/>
  <testcase classname="com.roslin.mwicks.spring.variation.service.snpchromosome.RepositorySNPChromosomeServiceTest" name="find5ByOid" time="0.001"/>
  <testcase classname="com.roslin.mwicks.spring.variation.service.snpchromosome.RepositorySNPChromosomeServiceTest" name="find6ByOid" time="0"/>
  <testcase classname="com.roslin.mwicks.spring.variation.service.snpchromosome.RepositorySNPChromosomeServiceTest" name="find7ByOid" time="0.001"/>
  <testcase classname="com.roslin.mwicks.spring.variation.service.snpchromosome.RepositorySNPChromosomeServiceTest" name="update13WhenSNPChromosome13IsNotFound" time="0"/>
  <testcase classname="com.roslin.mwicks.spring.variation.service.snpchromosome.RepositorySNPChromosomeServiceTest" name="delete22WhenSNPChromosomeIsNotFound" time="0.001"/>
  <testcase classname="com.roslin.mwicks.spring.variation.service.snpchromosome.RepositorySNPChromosomeServiceTest" name="find8ByOid" time="0"/>
  <testcase classname="com.roslin.mwicks.spring.variation.service.snpchromosome.RepositorySNPChromosomeServiceTest" name="updateZZhenSNPChromosomeZIsNotFound" time="0"/>
  <testcase classname="com.roslin.mwicks.spring.variation.service.snpchromosome.RepositorySNPChromosomeServiceTest" name="find9ByOid" time="0.001"/>
  <testcase classname="com.roslin.mwicks.spring.variation.service.snpchromosome.RepositorySNPChromosomeServiceTest" name="update28WhenSNPChromosome28IsNotFound" time="0"/>
  <testcase classname="com.roslin.mwicks.spring.variation.service.snpchromosome.RepositorySNPChromosomeServiceTest" name="updateLGE64" time="0.002"/>
  <testcase classname="com.roslin.mwicks.spring.variation.service.snpchromosome.RepositorySNPChromosomeServiceTest" name="createLGE64" time="0"/>
  <testcase classname="com.roslin.mwicks.spring.variation.service.snpchromosome.RepositorySNPChromosomeServiceTest" name="delete21WhenSNPChromosomeIsNotFound" time="0"/>
  <testcase classname="com.roslin.mwicks.spring.variation.service.snpchromosome.RepositorySNPChromosomeServiceTest" name="update23WhenSNPChromosome23IsNotFound" time="0.001"/>
  <testcase classname="com.roslin.mwicks.spring.variation.service.snpchromosome.RepositorySNPChromosomeServiceTest" name="update1" time="0"/>
  <testcase classname="com.roslin.mwicks.spring.variation.service.snpchromosome.RepositorySNPChromosomeServiceTest" name="update3" time="0.001"/>
  <testcase classname="com.roslin.mwicks.spring.variation.service.snpchromosome.RepositorySNPChromosomeServiceTest" name="update4" time="0.001"/>
  <testcase classname="com.roslin.mwicks.spring.variation.service.snpchromosome.RepositorySNPChromosomeServiceTest" name="update5" time="0.001"/>
  <testcase classname="com.roslin.mwicks.spring.variation.service.snpchromosome.RepositorySNPChromosomeServiceTest" name="update6" time="0.001"/>
  <testcase classname="com.roslin.mwicks.spring.variation.service.snpchromosome.RepositorySNPChromosomeServiceTest" name="update7" time="0"/>
  <testcase classname="com.roslin.mwicks.spring.variation.service.snpchromosome.RepositorySNPChromosomeServiceTest" name="update8" time="0.001"/>
  <testcase classname="com.roslin.mwicks.spring.variation.service.snpchromosome.RepositorySNPChromosomeServiceTest" name="update9" time="0"/>
  <testcase classname="com.roslin.mwicks.spring.variation.service.snpchromosome.RepositorySNPChromosomeServiceTest" name="updateW" time="0.001"/>
  <testcase classname="com.roslin.mwicks.spring.variation.service.snpchromosome.RepositorySNPChromosomeServiceTest" name="updateZ" time="0.001"/>
  <testcase classname="com.roslin.mwicks.spring.variation.service.snpchromosome.RepositorySNPChromosomeServiceTest" name="delete20WhenSNPChromosomeIsNotFound" time="0"/>
  <testcase classname="com.roslin.mwicks.spring.variation.service.snpchromosome.RepositorySNPChromosomeServiceTest" name="delete32WhenSNPChromosomeIsNotFound" time="0.001"/>
  <testcase classname="com.roslin.mwicks.spring.variation.service.snpchromosome.RepositorySNPChromosomeServiceTest" name="update15WhenSNPChromosome15IsNotFound" time="0"/>
  <testcase classname="com.roslin.mwicks.spring.variation.service.snpchromosome.RepositorySNPChromosomeServiceTest" name="update7WhenSNPChromosome7IsNotFound" time="0.001"/>
  <testcase classname="com.roslin.mwicks.spring.variation.service.snpchromosome.RepositorySNPChromosomeServiceTest" name="update3WhenSNPChromosome3IsNotFound" time="0"/>
  <testcase classname="com.roslin.mwicks.spring.variation.service.snpchromosome.RepositorySNPChromosomeServiceTest" name="findWByOid" time="0"/>
  <testcase classname="com.roslin.mwicks.spring.variation.service.snpchromosome.RepositorySNPChromosomeServiceTest" name="deleteZZhenSNPChromosomeIsNotFound" time="0"/>
  <testcase classname="com.roslin.mwicks.spring.variation.service.snpchromosome.RepositorySNPChromosomeServiceTest" name="updateLGE64LGE64henSNPChromosomeLGE64IsNotFound" time="0.001"/>
  <testcase classname="com.roslin.mwicks.spring.variation.service.snpchromosome.RepositorySNPChromosomeServiceTest" name="findZByOid" time="0"/>
  <testcase classname="com.roslin.mwicks.spring.variation.service.snpchromosome.RepositorySNPChromosomeServiceTest" name="update10WhenSNPChromosome10IsNotFound" time="0"/>
  <testcase classname="com.roslin.mwicks.spring.variation.service.snpchromosome.RepositorySNPChromosomeServiceTest" name="updateLGE22C19W28_E50C23" time="0.001"/>
  <testcase classname="com.roslin.mwicks.spring.variation.service.snpchromosome.RepositorySNPChromosomeServiceTest" name="update25WhenSNPChromosome25IsNotFound" time="0"/>
  <testcase classname="com.roslin.mwicks.spring.variation.service.snpchromosome.RepositorySNPChromosomeServiceTest" name="findLGE22C19W28_E50C23ByOid" time="0.001"/>
  <testcase classname="com.roslin.mwicks.spring.variation.service.snpchromosome.RepositorySNPChromosomeServiceTest" name="update17WhenSNPChromosome17IsNotFound" time="0"/>
  <testcase classname="com.roslin.mwicks.spring.variation.service.snpchromosome.RepositorySNPChromosomeServiceTest" name="update20WhenSNPChromosome20IsNotFound" time="0.001"/>
  <testcase classname="com.roslin.mwicks.spring.variation.service.snpchromosome.RepositorySNPChromosomeServiceTest" name="delete10" time="0"/>
  <testcase classname="com.roslin.mwicks.spring.variation.service.snpchromosome.RepositorySNPChromosomeServiceTest" name="delete11" time="0.001"/>
  <testcase classname="com.roslin.mwicks.spring.variation.service.snpchromosome.RepositorySNPChromosomeServiceTest" name="delete12" time="0"/>
  <testcase classname="com.roslin.mwicks.spring.variation.service.snpchromosome.RepositorySNPChromosomeServiceTest" name="delete13" time="0.001"/>
  <testcase classname="com.roslin.mwicks.spring.variation.service.snpchromosome.RepositorySNPChromosomeServiceTest" name="delete14" time="0.001"/>
  <testcase classname="com.roslin.mwicks.spring.variation.service.snpchromosome.RepositorySNPChromosomeServiceTest" name="delete15" time="0"/>
  <testcase classname="com.roslin.mwicks.spring.variation.service.snpchromosome.RepositorySNPChromosomeServiceTest" name="delete16" time="0.001"/>
  <testcase classname="com.roslin.mwicks.spring.variation.service.snpchromosome.RepositorySNPChromosomeServiceTest" name="delete17" time="0"/>
  <testcase classname="com.roslin.mwicks.spring.variation.service.snpchromosome.RepositorySNPChromosomeServiceTest" name="delete18" time="0.001"/>
  <testcase classname="com.roslin.mwicks.spring.variation.service.snpchromosome.RepositorySNPChromosomeServiceTest" name="delete19" time="0.001"/>
  <testcase classname="com.roslin.mwicks.spring.variation.service.snpchromosome.RepositorySNPChromosomeServiceTest" name="delete20" time="0"/>
  <testcase classname="com.roslin.mwicks.spring.variation.service.snpchromosome.RepositorySNPChromosomeServiceTest" name="delete21" time="0.001"/>
  <testcase classname="com.roslin.mwicks.spring.variation.service.snpchromosome.RepositorySNPChromosomeServiceTest" name="delete22" time="0"/>
  <testcase classname="com.roslin.mwicks.spring.variation.service.snpchromosome.RepositorySNPChromosomeServiceTest" name="delete23" time="0.001"/>
  <testcase classname="com.roslin.mwicks.spring.variation.service.snpchromosome.RepositorySNPChromosomeServiceTest" name="delete24" time="0"/>
  <testcase classname="com.roslin.mwicks.spring.variation.service.snpchromosome.RepositorySNPChromosomeServiceTest" name="delete25" time="0"/>
  <testcase classname="com.roslin.mwicks.spring.variation.service.snpchromosome.RepositorySNPChromosomeServiceTest" name="delete26" time="0"/>
  <testcase classname="com.roslin.mwicks.spring.variation.service.snpchromosome.RepositorySNPChromosomeServiceTest" name="delete27" time="0.001"/>
  <testcase classname="com.roslin.mwicks.spring.variation.service.snpchromosome.RepositorySNPChromosomeServiceTest" name="delete28" time="0"/>
  <testcase classname="com.roslin.mwicks.spring.variation.service.snpchromosome.RepositorySNPChromosomeServiceTest" name="delete32" time="0"/>
  <testcase classname="com.roslin.mwicks.spring.variation.service.snpchromosome.RepositorySNPChromosomeServiceTest" name="create1" time="0.001"/>
  <testcase classname="com.roslin.mwicks.spring.variation.service.snpchromosome.RepositorySNPChromosomeServiceTest" name="create3" time="0"/>
  <testcase classname="com.roslin.mwicks.spring.variation.service.snpchromosome.RepositorySNPChromosomeServiceTest" name="create4" time="0.001"/>
  <testcase classname="com.roslin.mwicks.spring.variation.service.snpchromosome.RepositorySNPChromosomeServiceTest" name="create5" time="0.001"/>
  <testcase classname="com.roslin.mwicks.spring.variation.service.snpchromosome.RepositorySNPChromosomeServiceTest" name="create6" time="0.001"/>
  <testcase classname="com.roslin.mwicks.spring.variation.service.snpchromosome.RepositorySNPChromosomeServiceTest" name="create7" time="0.001"/>
  <testcase classname="com.roslin.mwicks.spring.variation.service.snpchromosome.RepositorySNPChromosomeServiceTest" name="create8" time="0"/>
  <testcase classname="com.roslin.mwicks.spring.variation.service.snpchromosome.RepositorySNPChromosomeServiceTest" name="create9" time="0.001"/>
  <testcase classname="com.roslin.mwicks.spring.variation.service.snpchromosome.RepositorySNPChromosomeServiceTest" name="createW" time="0"/>
  <testcase classname="com.roslin.mwicks.spring.variation.service.snpchromosome.RepositorySNPChromosomeServiceTest" name="createZ" time="0.001"/>
  <testcase classname="com.roslin.mwicks.spring.variation.service.snpchromosome.RepositorySNPChromosomeServiceTest" name="update12WhenSNPChromosome12IsNotFound" time="0.001"/>
  <testcase classname="com.roslin.mwicks.spring.variation.service.snpchromosome.RepositorySNPChromosomeServiceTest" name="updateLGE22C19W28_E50C23LGE22C19W28_E50C23henSNPChromosomeLGE22C19W28_E50C23IsNotFound" time="0"/>
  <testcase classname="com.roslin.mwicks.spring.variation.service.snpchromosome.RepositorySNPChromosomeServiceTest" name="delete19WhenSNPChromosomeIsNotFound" time="0.001"/>
  <testcase classname="com.roslin.mwicks.spring.variation.service.snpchromosome.RepositorySNPChromosomeServiceTest" name="deleteLGE22C19W28_E50C23LGE22C19W28_E50C23henSNPChromosomeIsNotFound" time="0"/>
  <testcase classname="com.roslin.mwicks.spring.variation.service.snpchromosome.RepositorySNPChromosomeServiceTest" name="update6WhenSNPChromosome6IsNotFound" time="0.001"/>
  <testcase classname="com.roslin.mwicks.spring.variation.service.snpchromosome.RepositorySNPChromosomeServiceTest" name="find10ByOid" time="0"/>
  <testcase classname="com.roslin.mwicks.spring.variation.service.snpchromosome.RepositorySNPChromosomeServiceTest" name="find11ByOid" time="0.001"/>
  <testcase classname="com.roslin.mwicks.spring.variation.service.snpchromosome.RepositorySNPChromosomeServiceTest" name="update27WhenSNPChromosome27IsNotFound" time="0"/>
  <testcase classname="com.roslin.mwicks.spring.variation.service.snpchromosome.RepositorySNPChromosomeServiceTest" name="find12ByOid" time="0.001"/>
  <testcase classname="com.roslin.mwicks.spring.variation.service.snpchromosome.RepositorySNPChromosomeServiceTest" name="find13ByOid" time="0"/>
  <testcase classname="com.roslin.mwicks.spring.variation.service.snpchromosome.RepositorySNPChromosomeServiceTest" name="find14ByOid" time="0.001"/>
  <testcase classname="com.roslin.mwicks.spring.variation.service.snpchromosome.RepositorySNPChromosomeServiceTest" name="find15ByOid" time="0"/>
  <testcase classname="com.roslin.mwicks.spring.variation.service.snpchromosome.RepositorySNPChromosomeServiceTest" name="find16ByOid" time="0.001"/>
  <testcase classname="com.roslin.mwicks.spring.variation.service.snpchromosome.RepositorySNPChromosomeServiceTest" name="update10" time="0"/>
  <testcase classname="com.roslin.mwicks.spring.variation.service.snpchromosome.RepositorySNPChromosomeServiceTest" name="update11" time="0.001"/>
  <testcase classname="com.roslin.mwicks.spring.variation.service.snpchromosome.RepositorySNPChromosomeServiceTest" name="update12" time="0.001"/>
  <testcase classname="com.roslin.mwicks.spring.variation.service.snpchromosome.RepositorySNPChromosomeServiceTest" name="update13" time="0"/>
  <testcase classname="com.roslin.mwicks.spring.variation.service.snpchromosome.RepositorySNPChromosomeServiceTest" name="update14" time="0.001"/>
  <testcase classname="com.roslin.mwicks.spring.variation.service.snpchromosome.RepositorySNPChromosomeServiceTest" name="update15" time="0.001"/>
  <testcase classname="com.roslin.mwicks.spring.variation.service.snpchromosome.RepositorySNPChromosomeServiceTest" name="update16" time="0"/>
  <testcase classname="com.roslin.mwicks.spring.variation.service.snpchromosome.RepositorySNPChromosomeServiceTest" name="update17" time="0.001"/>
  <testcase classname="com.roslin.mwicks.spring.variation.service.snpchromosome.RepositorySNPChromosomeServiceTest" name="update18" time="0"/>
  <testcase classname="com.roslin.mwicks.spring.variation.service.snpchromosome.RepositorySNPChromosomeServiceTest" name="update19" time="0.001"/>
  <testcase classname="com.roslin.mwicks.spring.variation.service.snpchromosome.RepositorySNPChromosomeServiceTest" name="update20" time="0.001"/>
  <testcase classname="com.roslin.mwicks.spring.variation.service.snpchromosome.RepositorySNPChromosomeServiceTest" name="update21" time="0"/>
  <testcase classname="com.roslin.mwicks.spring.variation.service.snpchromosome.RepositorySNPChromosomeServiceTest" name="update22" time="0.001"/>
  <testcase classname="com.roslin.mwicks.spring.variation.service.snpchromosome.RepositorySNPChromosomeServiceTest" name="update23" time="0.001"/>
  <testcase classname="com.roslin.mwicks.spring.variation.service.snpchromosome.RepositorySNPChromosomeServiceTest" name="update24" time="0"/>
  <testcase classname="com.roslin.mwicks.spring.variation.service.snpchromosome.RepositorySNPChromosomeServiceTest" name="update25" time="0.001"/>
  <testcase classname="com.roslin.mwicks.spring.variation.service.snpchromosome.RepositorySNPChromosomeServiceTest" name="update26" time="0.001"/>
  <testcase classname="com.roslin.mwicks.spring.variation.service.snpchromosome.RepositorySNPChromosomeServiceTest" name="update27" time="0"/>
  <testcase classname="com.roslin.mwicks.spring.variation.service.snpchromosome.RepositorySNPChromosomeServiceTest" name="update28" time="0.001"/>
  <testcase classname="com.roslin.mwicks.spring.variation.service.snpchromosome.RepositorySNPChromosomeServiceTest" name="update32" time="0.001"/>
  <testcase classname="com.roslin.mwicks.spring.variation.service.snpchromosome.RepositorySNPChromosomeServiceTest" name="delete18WhenSNPChromosomeIsNotFound" time="0"/>
  <testcase classname="com.roslin.mwicks.spring.variation.service.snpchromosome.RepositorySNPChromosomeServiceTest" name="find17ByOid" time="0"/>
  <testcase classname="com.roslin.mwicks.spring.variation.service.snpchromosome.RepositorySNPChromosomeServiceTest" name="find18ByOid" time="0.001"/>
  <testcase classname="com.roslin.mwicks.spring.variation.service.snpchromosome.RepositorySNPChromosomeServiceTest" name="find19ByOid" time="0"/>
  <testcase classname="com.roslin.mwicks.spring.variation.service.snpchromosome.RepositorySNPChromosomeServiceTest" name="delete9WhenSNPChromosomeIsNotFound" time="0"/>
  <testcase classname="com.roslin.mwicks.spring.variation.service.snpchromosome.RepositorySNPChromosomeServiceTest" name="update19WhenSNPChromosome19IsNotFound" time="0.001"/>
  <testcase classname="com.roslin.mwicks.spring.variation.service.snpchromosome.RepositorySNPChromosomeServiceTest" name="update22WhenSNPChromosome22IsNotFound" time="0"/>
  <testcase classname="com.roslin.mwicks.spring.variation.service.snpchromosome.RepositorySNPChromosomeServiceTest" name="delete1" time="0.001"/>
  <testcase classname="com.roslin.mwicks.spring.variation.service.snpchromosome.RepositorySNPChromosomeServiceTest" name="delete3" time="0"/>
  <testcase classname="com.roslin.mwicks.spring.variation.service.snpchromosome.RepositorySNPChromosomeServiceTest" name="delete4" time="0.001"/>
  <testcase classname="com.roslin.mwicks.spring.variation.service.snpchromosome.RepositorySNPChromosomeServiceTest" name="delete5" time="0"/>
  <testcase classname="com.roslin.mwicks.spring.variation.service.snpchromosome.RepositorySNPChromosomeServiceTest" name="delete6" time="0.001"/>
  <testcase classname="com.roslin.mwicks.spring.variation.service.snpchromosome.RepositorySNPChromosomeServiceTest" name="delete7" time="0"/>
  <testcase classname="com.roslin.mwicks.spring.variation.service.snpchromosome.RepositorySNPChromosomeServiceTest" name="delete8" time="0.001"/>
  <testcase classname="com.roslin.mwicks.spring.variation.service.snpchromosome.RepositorySNPChromosomeServiceTest" name="delete9" time="0"/>
  <testcase classname="com.roslin.mwicks.spring.variation.service.snpchromosome.RepositorySNPChromosomeServiceTest" name="deleteW" time="0"/>
  <testcase classname="com.roslin.mwicks.spring.variation.service.snpchromosome.RepositorySNPChromosomeServiceTest" name="deleteZ" time="0"/>
  <testcase classname="com.roslin.mwicks.spring.variation.service.snpchromosome.RepositorySNPChromosomeServiceTest" name="deleteLGE64LGE64henSNPChromosomeIsNotFound" time="0"/>
  <testcase classname="com.roslin.mwicks.spring.variation.service.snpchromosome.RepositorySNPChromosomeServiceTest" name="delete17WhenSNPChromosomeIsNotFound" time="0.001"/>
  <testcase classname="com.roslin.mwicks.spring.variation.service.snpchromosome.RepositorySNPChromosomeServiceTest" name="delete8WhenSNPChromosomeIsNotFound" time="0"/>
  <testcase classname="com.roslin.mwicks.spring.variation.service.snpchromosome.RepositorySNPChromosomeServiceTest" name="update14WhenSNPChromosome14IsNotFound" time="0.001"/>
  <testcase classname="com.roslin.mwicks.spring.variation.service.snpchromosome.RepositorySNPChromosomeServiceTest" name="create10" time="0"/>
  <testcase classname="com.roslin.mwicks.spring.variation.service.snpchromosome.RepositorySNPChromosomeServiceTest" name="create11" time="0.001"/>
  <testcase classname="com.roslin.mwicks.spring.variation.service.snpchromosome.RepositorySNPChromosomeServiceTest" name="create12" time="0.001"/>
  <testcase classname="com.roslin.mwicks.spring.variation.service.snpchromosome.RepositorySNPChromosomeServiceTest" name="create13" time="0"/>
  <testcase classname="com.roslin.mwicks.spring.variation.service.snpchromosome.RepositorySNPChromosomeServiceTest" name="create14" time="0.001"/>
  <testcase classname="com.roslin.mwicks.spring.variation.service.snpchromosome.RepositorySNPChromosomeServiceTest" name="create15" time="0"/>
  <testcase classname="com.roslin.mwicks.spring.variation.service.snpchromosome.RepositorySNPChromosomeServiceTest" name="create16" time="0.001"/>
  <testcase classname="com.roslin.mwicks.spring.variation.service.snpchromosome.RepositorySNPChromosomeServiceTest" name="create17" time="0"/>
  <testcase classname="com.roslin.mwicks.spring.variation.service.snpchromosome.RepositorySNPChromosomeServiceTest" name="create18" time="0"/>
  <testcase classname="com.roslin.mwicks.spring.variation.service.snpchromosome.RepositorySNPChromosomeServiceTest" name="create19" time="0.001"/>
  <testcase classname="com.roslin.mwicks.spring.variation.service.snpchromosome.RepositorySNPChromosomeServiceTest" name="create20" time="0"/>
  <testcase classname="com.roslin.mwicks.spring.variation.service.snpchromosome.RepositorySNPChromosomeServiceTest" name="create21" time="0.001"/>
  <testcase classname="com.roslin.mwicks.spring.variation.service.snpchromosome.RepositorySNPChromosomeServiceTest" name="create22" time="0.001"/>
  <testcase classname="com.roslin.mwicks.spring.variation.service.snpchromosome.RepositorySNPChromosomeServiceTest" name="create23" time="0"/>
  <testcase classname="com.roslin.mwicks.spring.variation.service.snpchromosome.RepositorySNPChromosomeServiceTest" name="create24" time="0.001"/>
  <testcase classname="com.roslin.mwicks.spring.variation.service.snpchromosome.RepositorySNPChromosomeServiceTest" name="create25" time="0"/>
  <testcase classname="com.roslin.mwicks.spring.variation.service.snpchromosome.RepositorySNPChromosomeServiceTest" name="create26" time="0.001"/>
  <testcase classname="com.roslin.mwicks.spring.variation.service.snpchromosome.RepositorySNPChromosomeServiceTest" name="create27" time="0"/>
  <testcase classname="com.roslin.mwicks.spring.variation.service.snpchromosome.RepositorySNPChromosomeServiceTest" name="create28" time="0.001"/>
  <testcase classname="com.roslin.mwicks.spring.variation.service.snpchromosome.RepositorySNPChromosomeServiceTest" name="create32" time="0.001"/>
  <testcase classname="com.roslin.mwicks.spring.variation.service.snpchromosome.RepositorySNPChromosomeServiceTest" name="delete16WhenSNPChromosomeIsNotFound" time="0"/>
  <testcase classname="com.roslin.mwicks.spring.variation.service.snpchromosome.RepositorySNPChromosomeServiceTest" name="delete7WhenSNPChromosomeIsNotFound" time="0"/>
  <testcase classname="com.roslin.mwicks.spring.variation.service.snpchromosome.RepositorySNPChromosomeServiceTest" name="findLGE64ByOid" time="0.001"/>
  <testcase classname="com.roslin.mwicks.spring.variation.service.snpchromosome.RepositorySNPChromosomeServiceTest" name="update32WhenSNPChromosome32IsNotFound" time="0"/>
  <testcase classname="com.roslin.mwicks.spring.variation.service.snpchromosome.RepositorySNPChromosomeServiceTest" name="delete28WhenSNPChromosomeIsNotFound" time="0.001"/>
  <testcase classname="com.roslin.mwicks.spring.variation.service.snpchromosome.RepositorySNPChromosomeServiceTest" name="find20ByOid" time="0"/>
  <testcase classname="com.roslin.mwicks.spring.variation.service.snpchromosome.RepositorySNPChromosomeServiceTest" name="find21ByOid" time="0"/>
  <testcase classname="com.roslin.mwicks.spring.variation.service.snpchromosome.RepositorySNPChromosomeServiceTest" name="createLGE22C19W28_E50C23" time="0.001"/>
  <testcase classname="com.roslin.mwicks.spring.variation.service.snpchromosome.RepositorySNPChromosomeServiceTest" name="find22ByOid" time="0"/>
  <testcase classname="com.roslin.mwicks.spring.variation.service.snpchromosome.RepositorySNPChromosomeServiceTest" name="delete15WhenSNPChromosomeIsNotFound" time="0.001"/>
  <testcase classname="com.roslin.mwicks.spring.variation.service.snpchromosome.RepositorySNPChromosomeServiceTest" name="find23ByOid" time="0"/>
  <testcase classname="com.roslin.mwicks.spring.variation.service.snpchromosome.RepositorySNPChromosomeServiceTest" name="update9WhenSNPChromosome9IsNotFound" time="0"/>
</testsuite>