<?xml version="1.0" encoding="UTF-8" ?>
<testsuite tests="64" failures="0" name="com.roslin.mwicks.spring.variation.controller.SNPChromosomeControllerTest" time="0.19" errors="0" skipped="0">
  <properties>
    <property name="java.runtime.name" value="Java(TM) SE Runtime Environment"/>
    <property name="sun.boot.library.path" value="/Library/Java/JavaVirtualMachines/jdk1.8.0_66.jdk/Contents/Home/jre/lib"/>
    <property name="java.vm.version" value="25.66-b17"/>
    <property name="user.country.format" value="GB"/>
    <property name="gopherProxySet" value="false"/>
    <property name="java.vm.vendor" value="Oracle Corporation"/>
    <property name="maven.multiModuleProjectDirectory" value="/Users/mwicks23/workspace/VariationDatabase"/>
    <property name="java.vendor.url" value="http://java.oracle.com/"/>
    <property name="path.separator" value=":"/>
    <property name="guice.disable.misplaced.annotation.check" value="true"/>
    <property name="java.vm.name" value="Java HotSpot(TM) 64-Bit Server VM"/>
    <property name="file.encoding.pkg" value="sun.io"/>
    <property name="user.country" value="US"/>
    <property name="sun.java.launcher" value="SUN_STANDARD"/>
    <property name="sun.os.patch.level" value="unknown"/>
    <property name="java.vm.specification.name" value="Java Virtual Machine Specification"/>
    <property name="user.dir" value="/Users/mwicks23/workspace/VariationDatabase"/>
    <property name="java.runtime.version" value="1.8.0_66-b17"/>
    <property name="java.awt.graphicsenv" value="sun.awt.CGraphicsEnvironment"/>
    <property name="java.endorsed.dirs" value="/Library/Java/JavaVirtualMachines/jdk1.8.0_66.jdk/Contents/Home/jre/lib/endorsed"/>
    <property name="os.arch" value="x86_64"/>
    <property name="java.io.tmpdir" value="/var/folders/ll/12gv6jhx2yj102ms0tfy88d0fc49zc/T/"/>
    <property name="line.separator" value="
"/>
    <property name="java.vm.specification.vendor" value="Oracle Corporation"/>
    <property name="os.name" value="Mac OS X"/>
    <property name="classworlds.conf" value="/Users/mwicks23/Documents/workspace/.metadata/.plugins/org.eclipse.m2e.launching/launches/m2conf4304962133353086956.tmp"/>
    <property name="sun.jnu.encoding" value="UTF-8"/>
    <property name="java.library.path" value="/Users/mwicks23/Library/Java/Extensions:/Library/Java/Extensions:/Network/Library/Java/Extensions:/System/Library/Java/Extensions:/usr/lib/java:."/>
    <property name="java.specification.name" value="Java Platform API Specification"/>
    <property name="java.class.version" value="52.0"/>
    <property name="sun.management.compiler" value="HotSpot 64-Bit Tiered Compilers"/>
    <property name="os.version" value="10.11.2"/>
    <property name="http.nonProxyHosts" value="local|*.local|169.254/16|*.169.254/16"/>
    <property name="user.home" value="/Users/mwicks23"/>
    <property name="user.timezone" value="Europe/London"/>
    <property name="java.awt.printerjob" value="sun.lwawt.macosx.CPrinterJob"/>
    <property name="java.specification.version" value="1.8"/>
    <property name="file.encoding" value="UTF-8"/>
    <property name="user.name" value="mwicks23"/>
    <property name="java.class.path" value="/Applications/Mike&apos;s Stuff/Eclipse.app/Contents/Eclipse/plugins/org.eclipse.m2e.maven.runtime_1.7.0.20151101-1651/jars/plexus-classworlds-2.5.2.jar"/>
    <property name="java.vm.specification.version" value="1.8"/>
    <property name="sun.arch.data.model" value="64"/>
    <property name="java.home" value="/Library/Java/JavaVirtualMachines/jdk1.8.0_66.jdk/Contents/Home/jre"/>
    <property name="sun.java.command" value="org.codehaus.plexus.classworlds.launcher.Launcher -B install"/>
    <property name="java.specification.vendor" value="Oracle Corporation"/>
    <property name="user.language" value="en"/>
    <property name="awt.toolkit" value="sun.lwawt.macosx.LWCToolkit"/>
    <property name="java.vm.info" value="mixed mode"/>
    <property name="java.version" value="1.8.0_66"/>
    <property name="java.ext.dirs" value="/Users/mwicks23/Library/Java/Extensions:/Library/Java/JavaVirtualMachines/jdk1.8.0_66.jdk/Contents/Home/jre/lib/ext:/Library/Java/Extensions:/Network/Library/Java/Extensions:/System/Library/Java/Extensions:/usr/lib/java"/>
    <property name="sun.boot.class.path" value="/Library/Java/JavaVirtualMachines/jdk1.8.0_66.jdk/Contents/Home/jre/lib/resources.jar:/Library/Java/JavaVirtualMachines/jdk1.8.0_66.jdk/Contents/Home/jre/lib/rt.jar:/Library/Java/JavaVirtualMachines/jdk1.8.0_66.jdk/Contents/Home/jre/lib/sunrsasign.jar:/Library/Java/JavaVirtualMachines/jdk1.8.0_66.jdk/Contents/Home/jre/lib/jsse.jar:/Library/Java/JavaVirtualMachines/jdk1.8.0_66.jdk/Contents/Home/jre/lib/jce.jar:/Library/Java/JavaVirtualMachines/jdk1.8.0_66.jdk/Contents/Home/jre/lib/charsets.jar:/Library/Java/JavaVirtualMachines/jdk1.8.0_66.jdk/Contents/Home/jre/lib/jfr.jar:/Library/Java/JavaVirtualMachines/jdk1.8.0_66.jdk/Contents/Home/jre/classes"/>
    <property name="java.vendor" value="Oracle Corporation"/>
    <property name="maven.home" value="/Users/mwicks23/workspace/VariationDatabase/EMBEDDED"/>
    <property name="file.separator" value="/"/>
    <property name="java.vendor.url.bug" value="http://bugreport.sun.com/bugreport/"/>
    <property name="sun.cpu.endian" value="little"/>
    <property name="sun.io.unicode.encoding" value="UnicodeBig"/>
    <property name="socksNonProxyHosts" value="local|*.local|169.254/16|*.169.254/16"/>
    <property name="ftp.nonProxyHosts" value="local|*.local|169.254/16|*.169.254/16"/>
    <property name="sun.cpu.isalist" value=""/>
  </properties>
  <testcase classname="com.roslin.mwicks.spring.variation.controller.SNPChromosomeControllerTest" name="searchLGE64" time="0.097"/>
  <testcase classname="com.roslin.mwicks.spring.variation.controller.SNPChromosomeControllerTest" name="downloadLGE64" time="0.003"/>
  <testcase classname="com.roslin.mwicks.spring.variation.controller.SNPChromosomeControllerTest" name="search10" time="0.002"/>
  <testcase classname="com.roslin.mwicks.spring.variation.controller.SNPChromosomeControllerTest" name="search11" time="0.003"/>
  <testcase classname="com.roslin.mwicks.spring.variation.controller.SNPChromosomeControllerTest" name="search12" time="0.003"/>
  <testcase classname="com.roslin.mwicks.spring.variation.controller.SNPChromosomeControllerTest" name="search13" time="0.002"/>
  <testcase classname="com.roslin.mwicks.spring.variation.controller.SNPChromosomeControllerTest" name="search14" time="0.002"/>
  <testcase classname="com.roslin.mwicks.spring.variation.controller.SNPChromosomeControllerTest" name="search15" time="0.001"/>
  <testcase classname="com.roslin.mwicks.spring.variation.controller.SNPChromosomeControllerTest" name="search16" time="0.002"/>
  <testcase classname="com.roslin.mwicks.spring.variation.controller.SNPChromosomeControllerTest" name="search17" time="0.002"/>
  <testcase classname="com.roslin.mwicks.spring.variation.controller.SNPChromosomeControllerTest" name="search18" time="0.002"/>
  <testcase classname="com.roslin.mwicks.spring.variation.controller.SNPChromosomeControllerTest" name="search19" time="0.002"/>
  <testcase classname="com.roslin.mwicks.spring.variation.controller.SNPChromosomeControllerTest" name="search20" time="0.003"/>
  <testcase classname="com.roslin.mwicks.spring.variation.controller.SNPChromosomeControllerTest" name="search21" time="0.002"/>
  <testcase classname="com.roslin.mwicks.spring.variation.controller.SNPChromosomeControllerTest" name="search22" time="0.002"/>
  <testcase classname="com.roslin.mwicks.spring.variation.controller.SNPChromosomeControllerTest" name="search23" time="0.003"/>
  <testcase classname="com.roslin.mwicks.spring.variation.controller.SNPChromosomeControllerTest" name="search24" time="0.002"/>
  <testcase classname="com.roslin.mwicks.spring.variation.controller.SNPChromosomeControllerTest" name="search25" time="0.002"/>
  <testcase classname="com.roslin.mwicks.spring.variation.controller.SNPChromosomeControllerTest" name="search26" time="0.002"/>
  <testcase classname="com.roslin.mwicks.spring.variation.controller.SNPChromosomeControllerTest" name="search27" time="0.002"/>
  <testcase classname="com.roslin.mwicks.spring.variation.controller.SNPChromosomeControllerTest" name="search28" time="0.001"/>
  <testcase classname="com.roslin.mwicks.spring.variation.controller.SNPChromosomeControllerTest" name="search32" time="0.002"/>
  <testcase classname="com.roslin.mwicks.spring.variation.controller.SNPChromosomeControllerTest" name="searchLGE22C19W28_E50C23" time="0.002"/>
  <testcase classname="com.roslin.mwicks.spring.variation.controller.SNPChromosomeControllerTest" name="download1" time="0.001"/>
  <testcase classname="com.roslin.mwicks.spring.variation.controller.SNPChromosomeControllerTest" name="download3" time="0.001"/>
  <testcase classname="com.roslin.mwicks.spring.variation.controller.SNPChromosomeControllerTest" name="download4" time="0.001"/>
  <testcase classname="com.roslin.mwicks.spring.variation.controller.SNPChromosomeControllerTest" name="download5" time="0.001"/>
  <testcase classname="com.roslin.mwicks.spring.variation.controller.SNPChromosomeControllerTest" name="download6" time="0.001"/>
  <testcase classname="com.roslin.mwicks.spring.variation.controller.SNPChromosomeControllerTest" name="download7" time="0.001"/>
  <testcase classname="com.roslin.mwicks.spring.variation.controller.SNPChromosomeControllerTest" name="download8" time="0.002"/>
  <testcase classname="com.roslin.mwicks.spring.variation.controller.SNPChromosomeControllerTest" name="download9" time="0.001"/>
  <testcase classname="com.roslin.mwicks.spring.variation.controller.SNPChromosomeControllerTest" name="downloadW" time="0.001"/>
  <testcase classname="com.roslin.mwicks.spring.variation.controller.SNPChromosomeControllerTest" name="downloadZ" time="0.001"/>
  <testcase classname="com.roslin.mwicks.spring.variation.controller.SNPChromosomeControllerTest" name="downloadLGE22C19W28_E50C23" time="0.002"/>
  <testcase classname="com.roslin.mwicks.spring.variation.controller.SNPChromosomeControllerTest" name="search1" time="0.001"/>
  <testcase classname="com.roslin.mwicks.spring.variation.controller.SNPChromosomeControllerTest" name="search3" time="0.001"/>
  <testcase classname="com.roslin.mwicks.spring.variation.controller.SNPChromosomeControllerTest" name="search4" time="0.001"/>
  <testcase classname="com.roslin.mwicks.spring.variation.controller.SNPChromosomeControllerTest" name="search5" time="0.002"/>
  <testcase classname="com.roslin.mwicks.spring.variation.controller.SNPChromosomeControllerTest" name="search6" time="0.001"/>
  <testcase classname="com.roslin.mwicks.spring.variation.controller.SNPChromosomeControllerTest" name="search7" time="0.002"/>
  <testcase classname="com.roslin.mwicks.spring.variation.controller.SNPChromosomeControllerTest" name="search8" time="0.001"/>
  <testcase classname="com.roslin.mwicks.spring.variation.controller.SNPChromosomeControllerTest" name="search9" time="0.002"/>
  <testcase classname="com.roslin.mwicks.spring.variation.controller.SNPChromosomeControllerTest" name="searchW" time="0.001"/>
  <testcase classname="com.roslin.mwicks.spring.variation.controller.SNPChromosomeControllerTest" name="searchZ" time="0.001"/>
  <testcase classname="com.roslin.mwicks.spring.variation.controller.SNPChromosomeControllerTest" name="download10" time="0.001"/>
  <testcase classname="com.roslin.mwicks.spring.variation.controller.SNPChromosomeControllerTest" name="download11" time="0.001"/>
  <testcase classname="com.roslin.mwicks.spring.variation.controller.SNPChromosomeControllerTest" name="download12" time="0"/>
  <testcase classname="com.roslin.mwicks.spring.variation.controller.SNPChromosomeControllerTest" name="download13" time="0.001"/>
  <testcase classname="com.roslin.mwicks.spring.variation.controller.SNPChromosomeControllerTest" name="download14" time="0.001"/>
  <testcase classname="com.roslin.mwicks.spring.variation.controller.SNPChromosomeControllerTest" name="download15" time="0.001"/>
  <testcase classname="com.roslin.mwicks.spring.variation.controller.SNPChromosomeControllerTest" name="download16" time="0.001"/>
  <testcase classname="com.roslin.mwicks.spring.variation.controller.SNPChromosomeControllerTest" name="download17" time="0.001"/>
  <testcase classname="com.roslin.mwicks.spring.variation.controller.SNPChromosomeControllerTest" name="download18" time="0.001"/>
  <testcase classname="com.roslin.mwicks.spring.variation.controller.SNPChromosomeControllerTest" name="download19" time="0.001"/>
  <testcase classname="com.roslin.mwicks.spring.variation.controller.SNPChromosomeControllerTest" name="download20" time="0.001"/>
  <testcase classname="com.roslin.mwicks.spring.variation.controller.SNPChromosomeControllerTest" name="download21" time="0.001"/>
  <testcase classname="com.roslin.mwicks.spring.variation.controller.SNPChromosomeControllerTest" name="download22" time="0.001"/>
  <testcase classname="com.roslin.mwicks.spring.variation.controller.SNPChromosomeControllerTest" name="download23" time="0.001"/>
  <testcase classname="com.roslin.mwicks.spring.variation.controller.SNPChromosomeControllerTest" name="download24" time="0.001"/>
  <testcase classname="com.roslin.mwicks.spring.variation.controller.SNPChromosomeControllerTest" name="download25" time="0.002"/>
  <testcase classname="com.roslin.mwicks.spring.variation.controller.SNPChromosomeControllerTest" name="download26" time="0.001"/>
  <testcase classname="com.roslin.mwicks.spring.variation.controller.SNPChromosomeControllerTest" name="download27" time="0.001"/>
  <testcase classname="com.roslin.mwicks.spring.variation.controller.SNPChromosomeControllerTest" name="download28" time="0.001"/>
  <testcase classname="com.roslin.mwicks.spring.variation.controller.SNPChromosomeControllerTest" name="download32" time="0.001"/>
</testsuite>